<?xml version="1.0" encoding="UTF-8"?>
<!-- Generated by org.testng.reporters.JUnitReportReporter -->
<testsuite skipped="0" hostname="TP-LAP0037" name="ExecutionClasses.Onetest" tests="1" failures="0" timestamp="2021-10-26T16:16:11 IST" time="53.984" errors="0">
  <testcase name="AdminUserNewWorkOrder" time="53.984" classname="ExecutionClasses.Onetest"/>
  <system-out/>
</testsuite> <!-- ExecutionClasses.Onetest -->
