<?xml version="1.0" encoding="UTF-8"?>
<!-- Generated by org.testng.reporters.JUnitReportReporter -->
<testsuite skipped="0" hostname="TP-LAP0037" name="ExecutionClasses.Onetest2" tests="1" failures="0" timestamp="2021-10-27T17:52:47 IST" time="65.740" errors="0">
  <testcase name="NurseUserMYWorkOrdersAndRecords" time="65.740" classname="ExecutionClasses.Onetest2"/>
  <system-out/>
</testsuite> <!-- ExecutionClasses.Onetest2 -->
