<?xml version="1.0" encoding="UTF-8"?>
<!-- Generated by org.testng.reporters.JUnitReportReporter -->
<testsuite hostname="DESKTOP-SAK9EHO" failures="0" tests="1" name="com.Restaurant_Execution_Classes.RestaurantMonthly_SignUP" time="48.860" errors="0" timestamp="2019-09-06T07:02:55 CDT" skipped="0">
  <testcase classname="com.Restaurant_Execution_Classes.RestaurantMonthly_SignUP" name="RestaurantMonthly_SignUP" time="48.860"/>
</testsuite> <!-- com.Restaurant_Execution_Classes.RestaurantMonthly_SignUP -->
