<?xml version="1.0" encoding="UTF-8"?>
<!-- Generated by org.testng.reporters.JUnitReportReporter -->
<testsuite skipped="0" hostname="TP-LAP0039" name="com.Restaurant_Execution_Classes.TC_0031_Regression_RUI_UpdateWCCardNumberwithTRA" tests="1" failures="0" timestamp="30 Jul 2019 08:30:48 GMT" time="8.585" errors="0">
  <testcase name="TC_0031_Regression_RUI_UpdateWCCardNumberwithTRA" time="8.585" classname="com.Restaurant_Execution_Classes.TC_0031_Regression_RUI_UpdateWCCardNumberwithTRA"/>
</testsuite> <!-- com.Restaurant_Execution_Classes.TC_0031_Regression_RUI_UpdateWCCardNumberwithTRA -->
