<?xml version="1.0" encoding="UTF-8"?>
<!-- Generated by org.testng.reporters.JUnitReportReporter -->
<testsuite skipped="0" hostname="DESKTOP-SAK9EHO" name="ExecutionClasses.Onetest" tests="1" failures="0" timestamp="2021-10-24T20:02:01 CDT" time="58.039" errors="0">
  <testcase name="AdminUserNewWorkOrder" time="58.039" classname="ExecutionClasses.Onetest"/>
</testsuite> <!-- ExecutionClasses.Onetest -->
