<?xml version="1.0" encoding="UTF-8"?>
<!-- Generated by org.testng.reporters.JUnitReportReporter -->
<testsuite skipped="0" hostname="TP-LAP0039" name="com.Restaurant_Execution_Classes.TC_0003_Regression_RUI_SignUpMonthlyTRA" tests="1" failures="0" timestamp="12 Aug 2019 16:24:40 GMT" time="25.231" errors="0">
  <testcase name="TC_003_Regression_RUI_SignUpMonthlyTRA" time="25.231" classname="com.Restaurant_Execution_Classes.TC_0003_Regression_RUI_SignUpMonthlyTRA"/>
</testsuite> <!-- com.Restaurant_Execution_Classes.TC_0003_Regression_RUI_SignUpMonthlyTRA -->
