<?xml version="1.0" encoding="UTF-8"?>
<!-- Generated by org.testng.reporters.JUnitReportReporter -->
<testsuite skipped="0" hostname="TP-LAP0039" name="com.Restaurant_Execution_Classes.TC_0018_Regression_RUI_ChangecontactInformationwithMANAGER" tests="1" failures="0" timestamp="25 Jul 2019 10:28:38 GMT" time="6.413" errors="0">
  <testcase name="TC_0018_Regression_RUI_ChangecontactInformationwithMANAGER" time="6.413" classname="com.Restaurant_Execution_Classes.TC_0018_Regression_RUI_ChangecontactInformationwithMANAGER"/>
</testsuite> <!-- com.Restaurant_Execution_Classes.TC_0018_Regression_RUI_ChangecontactInformationwithMANAGER -->
