<?xml version="1.0" encoding="UTF-8"?>
<!-- Generated by org.testng.reporters.JUnitReportReporter -->
<testsuite skipped="0" hostname="TP-LAP0039" name="com.Restaurant_Execution_Classes.TC_0035_Regression_RUI_MemberSignatureOptOutwithTRA" tests="1" failures="0" timestamp="30 Jul 2019 09:01:36 GMT" time="8.273" errors="0">
  <testcase name="TC_0035_Regression_RUI_MemberSignatureOptOutwithTRA" time="8.273" classname="com.Restaurant_Execution_Classes.TC_0035_Regression_RUI_MemberSignatureOptOutwithTRA"/>
</testsuite> <!-- com.Restaurant_Execution_Classes.TC_0035_Regression_RUI_MemberSignatureOptOutwithTRA -->
