<?xml version="1.0" encoding="UTF-8"?>
<!-- Generated by org.testng.reporters.JUnitReportReporter -->
<testsuite skipped="0" hostname="TP-LAP0039" name="com.Restaurant_Execution_Classes.TC_0015_Regression_RUI_ChangecontactInformationwithTRA" tests="1" failures="0" timestamp="25 Jul 2019 10:09:46 GMT" time="11.222" errors="0">
  <testcase name="TC_0015_Regression_RUI_ChangecontactInformationwithTRA" time="11.222" classname="com.Restaurant_Execution_Classes.TC_0015_Regression_RUI_ChangecontactInformationwithTRA"/>
</testsuite> <!-- com.Restaurant_Execution_Classes.TC_0015_Regression_RUI_ChangecontactInformationwithTRA -->
