<?xml version="1.0" encoding="UTF-8"?>
<!-- Generated by org.testng.reporters.JUnitReportReporter -->
<testsuite skipped="0" hostname="TP-LAP0039" name="com.Communities_Execution_Classes.TC0003_Regression_Communities_MonthlyMember_Rejoin" tests="1" failures="0" timestamp="12 Aug 2019 05:25:31 GMT" time="18.029" errors="0">
  <testcase name="TC0003_Regression_Communities_MonthlyMember_Rejoin" time="18.029" classname="com.Communities_Execution_Classes.TC0003_Regression_Communities_MonthlyMember_Rejoin"/>
</testsuite> <!-- com.Communities_Execution_Classes.TC0003_Regression_Communities_MonthlyMember_Rejoin -->
