<?xml version="1.0" encoding="UTF-8"?>
<!-- Generated by org.testng.reporters.JUnitReportReporter -->
<testsuite hostname="DESKTOP-SAK9EHO" failures="0" tests="1" name="com.Communities_Execution_Classes.UpdateSpreadsheetwithStockData" time="576.911" errors="0" timestamp="2021-08-03T08:20:44 CDT" skipped="0">
  <testcase classname="com.Communities_Execution_Classes.UpdateSpreadsheetwithStockData" name="CommunitiesGiftMemberSignUP" time="576.911"/>
</testsuite> <!-- com.Communities_Execution_Classes.UpdateSpreadsheetwithStockData -->
