<?xml version="1.0" encoding="UTF-8"?>
<!-- Generated by org.testng.reporters.JUnitReportReporter -->
<testsuite skipped="0" hostname="TP-LAP0037" name="ExecutionClasses.Onetest" tests="1" failures="0" timestamp="2021-10-27T17:50:01 IST" time="45.689" errors="0">
  <testcase name="AdminUserNewWorkOrder" time="45.689" classname="ExecutionClasses.Onetest"/>
  <system-out/>
</testsuite> <!-- ExecutionClasses.Onetest -->
