<?xml version="1.0" encoding="UTF-8"?>
<!-- Generated by org.testng.reporters.JUnitReportReporter -->
<testsuite skipped="0" hostname="TP-LAP0039" name="com.Restaurant_Execution_Classes.TC_0043_Regression_RUI_MemberSignatureOptInwithTRA" tests="1" failures="0" timestamp="30 Jul 2019 09:45:16 GMT" time="8.964" errors="0">
  <testcase name="TC_0043_Regression_RUI_MemberSignatureOptInwithTRA" time="8.964" classname="com.Restaurant_Execution_Classes.TC_0043_Regression_RUI_MemberSignatureOptInwithTRA"/>
</testsuite> <!-- com.Restaurant_Execution_Classes.TC_0043_Regression_RUI_MemberSignatureOptInwithTRA -->
