<?xml version="1.0" encoding="UTF-8"?>
<!-- Generated by org.testng.reporters.JUnitReportReporter -->
<testsuite skipped="0" hostname="TP-LAP0039" name="com.Restaurant_Execution_Classes.TC_0017_Regression_RUI_ChangecontactInformationwithSERVER" tests="1" failures="0" timestamp="25 Jul 2019 10:23:15 GMT" time="6.445" errors="0">
  <testcase name="TC_0017_Regression_RUI_ChangecontactInformationwithSERVER" time="6.445" classname="com.Restaurant_Execution_Classes.TC_0017_Regression_RUI_ChangecontactInformationwithSERVER"/>
</testsuite> <!-- com.Restaurant_Execution_Classes.TC_0017_Regression_RUI_ChangecontactInformationwithSERVER -->
