<?xml version="1.0" encoding="UTF-8"?>
<!-- Generated by org.testng.reporters.JUnitReportReporter -->
<testsuite skipped="0" hostname="TP-LAP0039" name="com.Restaurant_Execution_Classes.TC_0021_Regression_RUI_CancelMembershipwithSERVER" tests="1" failures="0" timestamp="25 Jul 2019 10:33:42 GMT" time="7.104" errors="0">
  <testcase name="TC_0021_Regression_RUI_CancelMembershipwithSERVER" time="7.104" classname="com.Restaurant_Execution_Classes.TC_0021_Regression_RUI_CancelMembershipwithSERVER"/>
</testsuite> <!-- com.Restaurant_Execution_Classes.TC_0021_Regression_RUI_CancelMembershipwithSERVER -->
