<?xml version="1.0" encoding="UTF-8"?>
<!-- Generated by org.testng.reporters.JUnitReportReporter -->
<testsuite skipped="0" hostname="TP-LAP0039" name="com.RestaurantJulyPromo.TC00003_RUI_JulyPromo_Basic" tests="1" failures="0" timestamp="18 Jul 2019 16:09:34 GMT" time="15.276" errors="1">
  <testcase name="TC00001_JulyPromo_Basic" time="15.276" classname="com.RestaurantJulyPromo.TC00003_RUI_JulyPromo_Basic">
    <error type="java.lang.Error" message="Unresolved compilation problems: 
	The operator ! is undefined for the argument type(s) WebElement
	Invalid character constant
	Invalid character constant
	The method rbtnVariety() is undefined for the type Page_WinePickUp
	The method rbtnRed() is undefined for the type Page_WinePickUp
	The method rbtnWhite() is undefined for the type Page_WinePickUp
	The method rbtnVariety() is undefined for the type Page_WinePickUp
	Syntax error on token &quot;||&quot;, throw expected
	No exception of type boolean can be thrown; an exception type must be a subclass of Throwable
	Syntax error on token &quot;)&quot;, ; expected
	The method rbtnVariety() is undefined for the type Page_WinePickUp
	card cannot be resolved to a type
	Syntax error, insert &quot;;&quot; to complete BlockStatements
	aug cannot be resolved to a type
	Syntax error, insert &quot;;&quot; to complete LocalVariableDeclarationStatement
	Syntax error on token &quot;}&quot;, delete this token
	The method Page_AccountInfo() is undefined for the type Page_WinePickUp
	Syntax error, insert &quot;}&quot; to complete Statement
	Syntax error, insert &quot;else Statement&quot; to complete IfStatement
	Syntax error, insert &quot;}&quot; to complete Block
	Syntax error, insert &quot;Finally&quot; to complete TryStatement
	Syntax error on tokens, delete these tokens
">
      <![CDATA[java.lang.Error: Unresolved compilation problems: 
The operator ! is undefined for the argument type(s) WebElement
Invalid character constant
Invalid character constant
The method rbtnVariety() is undefined for the type Page_WinePickUp
The method rbtnRed() is undefined for the type Page_WinePickUp
The method rbtnWhite() is undefined for the type Page_WinePickUp
The method rbtnVariety() is undefined for the type Page_WinePickUp
Syntax error on token "||", throw expected
No exception of type boolean can be thrown; an exception type must be a subclass of Throwable
Syntax error on token ")", ; expected
The method rbtnVariety() is undefined for the type Page_WinePickUp
card cannot be resolved to a type
Syntax error, insert ";" to complete BlockStatements
aug cannot be resolved to a type
Syntax error, insert ";" to complete LocalVariableDeclarationStatement
Syntax error on token "}", delete this token
The method Page_AccountInfo() is undefined for the type Page_WinePickUp
Syntax error, insert "}" to complete Statement
Syntax error, insert "else Statement" to complete IfStatement
Syntax error, insert "}" to complete Block
Syntax error, insert "Finally" to complete TryStatement
Syntax error on tokens, delete these tokens

at com.Restaurant.Pages.Page_WinePickUp.<init>(Page_WinePickUp.java:421)
at com.Restaurant.CommonPages.Restaurant_Common_Pages.Page_WinePickUp_SelectJulypromo(Restaurant_Common_Pages.java:120)
at com.RestaurantJulyPromo.TC00003_RUI_JulyPromo_Basic.TC00001_JulyPromo_Basic(TC00003_RUI_JulyPromo_Basic.java:57)
at sun.reflect.NativeMethodAccessorImpl.invoke0(Native Method)
at sun.reflect.NativeMethodAccessorImpl.invoke(Unknown Source)
at sun.reflect.DelegatingMethodAccessorImpl.invoke(Unknown Source)
at java.lang.reflect.Method.invoke(Unknown Source)
at org.testng.internal.MethodInvocationHelper.invokeMethod(MethodInvocationHelper.java:124)
at org.testng.internal.Invoker.invokeMethod(Invoker.java:583)
at org.testng.internal.Invoker.invokeTestMethod(Invoker.java:719)
at org.testng.internal.Invoker.invokeTestMethods(Invoker.java:989)
at org.testng.internal.TestMethodWorker.invokeTestMethods(TestMethodWorker.java:125)
at org.testng.internal.TestMethodWorker.run(TestMethodWorker.java:109)
at org.testng.TestRunner.privateRun(TestRunner.java:648)
at org.testng.TestRunner.run(TestRunner.java:505)
at org.testng.SuiteRunner.runTest(SuiteRunner.java:455)
at org.testng.SuiteRunner.runSequentially(SuiteRunner.java:450)
at org.testng.SuiteRunner.privateRun(SuiteRunner.java:415)
at org.testng.SuiteRunner.run(SuiteRunner.java:364)
at org.testng.SuiteRunnerWorker.runSuite(SuiteRunnerWorker.java:52)
at org.testng.SuiteRunnerWorker.run(SuiteRunnerWorker.java:84)
at org.testng.TestNG.runSuitesSequentially(TestNG.java:1208)
at org.testng.TestNG.runSuitesLocally(TestNG.java:1137)
at org.testng.TestNG.runSuites(TestNG.java:1049)
at org.testng.TestNG.run(TestNG.java:1017)
at org.testng.remote.AbstractRemoteTestNG.run(AbstractRemoteTestNG.java:115)
at org.testng.remote.RemoteTestNG.initAndRun(RemoteTestNG.java:251)
at org.testng.remote.RemoteTestNG.main(RemoteTestNG.java:77)
]]>
    </error>
  </testcase> <!-- TC00001_JulyPromo_Basic -->
</testsuite> <!-- com.RestaurantJulyPromo.TC00003_RUI_JulyPromo_Basic -->
