<?xml version="1.0" encoding="UTF-8"?>
<!-- Generated by org.testng.reporters.JUnitReportReporter -->
<testsuite skipped="0" hostname="TP-LAP0037" name="ExecutionClasses.Onetest2" tests="1" failures="0" timestamp="2021-10-26T16:18:46 IST" time="58.710" errors="0">
  <testcase name="NurseUserMYWorkOrdersAndRecords" time="58.710" classname="ExecutionClasses.Onetest2"/>
  <system-out/>
</testsuite> <!-- ExecutionClasses.Onetest2 -->
