<?xml version="1.0" encoding="UTF-8"?>
<!-- Generated by org.testng.reporters.JUnitReportReporter -->
<testsuite skipped="0" hostname="TP-LAP0037" name="ExecutionClasses.Onetest3" tests="1" failures="0" timestamp="2021-10-26T16:20:47 IST" time="80.944" errors="0">
  <testcase name="AdminUserSubmitRecords" time="80.944" classname="ExecutionClasses.Onetest3"/>
  <system-out/>
</testsuite> <!-- ExecutionClasses.Onetest3 -->
