<?xml version="1.0" encoding="UTF-8"?>
<!-- Generated by org.testng.reporters.JUnitReportReporter -->
<testsuite hostname="DESKTOP-SAK9EHO" failures="0" tests="1" name="com.Communities_Execution_Classes.GiftMember_SignUp" time="105.250" errors="0" timestamp="2021-05-19T15:55:41 CDT" skipped="0">
  <testcase classname="com.Communities_Execution_Classes.GiftMember_SignUp" name="CommunitiesGiftMemberSignUP" time="105.250"/>
</testsuite> <!-- com.Communities_Execution_Classes.GiftMember_SignUp -->
