<?xml version="1.0" encoding="UTF-8"?>
<!-- Generated by org.testng.reporters.JUnitReportReporter -->
<testsuite skipped="0" hostname="TP-LAP0039" name="com.Restaurant_Execution_Classes.TC_0040_Regression_RUI_CantAddLoyaltyPointswithTRA" tests="1" failures="0" timestamp="30 Jul 2019 09:40:48 GMT" time="29.965" errors="0">
  <testcase name="TC_0040_Regression_RUI_CantAddLoyaltyPointswithTRA" time="29.965" classname="com.Restaurant_Execution_Classes.TC_0040_Regression_RUI_CantAddLoyaltyPointswithTRA"/>
</testsuite> <!-- com.Restaurant_Execution_Classes.TC_0040_Regression_RUI_CantAddLoyaltyPointswithTRA -->
