<?xml version="1.0" encoding="UTF-8"?>
<!-- Generated by org.testng.reporters.JUnitReportReporter -->
<testsuite skipped="0" hostname="TP-LAP0039" name="com.Restaurant_Execution_Classes.TC_0027_Regression_RUI_ReplacePersonalizedWCCardwithTRA" tests="1" failures="0" timestamp="30 Jul 2019 08:24:42 GMT" time="10.617" errors="0">
  <testcase name="TC_0027_Regression_RUI_ReplacePersonalizedWCCardwithTRA" time="10.617" classname="com.Restaurant_Execution_Classes.TC_0027_Regression_RUI_ReplacePersonalizedWCCardwithTRA"/>
</testsuite> <!-- com.Restaurant_Execution_Classes.TC_0027_Regression_RUI_ReplacePersonalizedWCCardwithTRA -->
