<?xml version="1.0" encoding="UTF-8"?>
<!-- Generated by org.testng.reporters.JUnitReportReporter -->
<testsuite skipped="0" hostname="TP-LAP0039" name="com.Restaurant_Execution_Classes.TC_0075_Regression_RUI_ChangeClubtypeNextBillingcycleDecreasedcostwithTRA" tests="1" failures="0" timestamp="30 Jul 2019 13:36:06 GMT" time="8.724" errors="0">
  <testcase name="TC_0075_Regression_RUI_ChangeClubtypeNextBillingcycleDecreasedcostwithTRA" time="8.724" classname="com.Restaurant_Execution_Classes.TC_0075_Regression_RUI_ChangeClubtypeNextBillingcycleDecreasedcostwithTRA"/>
</testsuite> <!-- com.Restaurant_Execution_Classes.TC_0075_Regression_RUI_ChangeClubtypeNextBillingcycleDecreasedcostwithTRA -->
