<?xml version="1.0" encoding="UTF-8"?>
<!-- Generated by org.testng.reporters.JUnitReportReporter -->
<testsuite skipped="0" hostname="TP-LAP0037" name="com.GoClinical_WorkOrder_ExecutionSuiteClasses.GoClinical_WorkOrder_AutomationTesting_ExecutionSuite" tests="3" failures="0" timestamp="2021-10-20T10:36:12 IST" time="97.985" errors="0">
  <testcase name="AdminUserNewWorkOrder" time="28.639" classname="com.GoClinical_WorkOrder_ExecutionSuiteClasses.GoClinical_WorkOrder_AutomationTesting_ExecutionSuite"/>
  <system-out/>
  <testcase name="NurseUserMyWorkOrders" time="43.242" classname="com.GoClinical_WorkOrder_ExecutionSuiteClasses.GoClinical_WorkOrder_AutomationTesting_ExecutionSuite"/>
  <system-out/>
  <testcase name="AdminUserReviewRecords" time="26.104" classname="com.GoClinical_WorkOrder_ExecutionSuiteClasses.GoClinical_WorkOrder_AutomationTesting_ExecutionSuite"/>
  <system-out/>
</testsuite> <!-- com.GoClinical_WorkOrder_ExecutionSuiteClasses.GoClinical_WorkOrder_AutomationTesting_ExecutionSuite -->
