<?xml version="1.0" encoding="UTF-8"?>
<!-- Generated by org.testng.reporters.JUnitReportReporter -->
<testsuite skipped="0" hostname="TP-LAP0037" name="com.GoClinical_WorkOrder_ExecutionSuiteClasses.GoClinical_WorkOrder_AutomationTesting_ExecutionSuite2" tests="1" failures="0" timestamp="2021-10-23T20:08:50 IST" time="54.607" errors="0">
  <testcase name="AdminUserNewWorkOrder" time="54.607" classname="com.GoClinical_WorkOrder_ExecutionSuiteClasses.GoClinical_WorkOrder_AutomationTesting_ExecutionSuite2"/>
  <system-out/>
</testsuite> <!-- com.GoClinical_WorkOrder_ExecutionSuiteClasses.GoClinical_WorkOrder_AutomationTesting_ExecutionSuite2 -->
