<?xml version="1.0" encoding="UTF-8"?>
<!-- Generated by org.testng.reporters.JUnitReportReporter -->
<testsuite skipped="0" hostname="TP-LAP0037" name="com.GoClinical_WorkOrder_ExecutionSuiteClasses.GoClinical_WorkOrder_VitalSigns_ExecutionSuite" tests="3" failures="0" timestamp="2021-10-20T10:33:26 IST" time="53.414" errors="0">
  <testcase name="AdminUserNewWorkOrder" time="17.266" classname="com.GoClinical_WorkOrder_ExecutionSuiteClasses.GoClinical_WorkOrder_VitalSigns_ExecutionSuite"/>
  <system-out/>
  <testcase name="NurseUserMyWorkOrders" time="15.609" classname="com.GoClinical_WorkOrder_ExecutionSuiteClasses.GoClinical_WorkOrder_VitalSigns_ExecutionSuite"/>
  <system-out/>
  <testcase name="AdminUserReviewRecords" time="20.539" classname="com.GoClinical_WorkOrder_ExecutionSuiteClasses.GoClinical_WorkOrder_VitalSigns_ExecutionSuite"/>
  <system-out/>
</testsuite> <!-- com.GoClinical_WorkOrder_ExecutionSuiteClasses.GoClinical_WorkOrder_VitalSigns_ExecutionSuite -->
